This is XeTeX, Version 3.14159265-2.6-0.99998 (TeX Live 2017/Arch Linux) (preloaded format=xelatex 2018.1.16)  26 APR 2018 18:14
entering extended mode
 restricted \write18 enabled.
 %&-line parsing enabled.
**LIVRO.tex
(./LIVRO.tex
LaTeX2e <2017-04-15>
Babel <3.15> and hyphenation patterns for 84 language(s) loaded.
(/usr/share/texmf-dist/tex/latex/memoir/memoir.cls
Document Class: memoir 2016/05/16 v3.7f configurable book, report, article docu
ment class
\onelineskip=\skip41
\lxvchars=\skip42
\xlvchars=\skip43
\@memcnta=\count79
\c@@memmarkcntra=\count80
(/usr/share/texmf-dist/tex/generic/oberdiek/ifpdf.sty
Package: ifpdf 2017/03/15 v3.2 Provides the ifpdf switch
)
(/usr/share/texmf-dist/tex/latex/ifetex/ifetex.sty
Package: ifetex 2011/12/15 v1.2 ifetex

(/usr/share/texmf-dist/tex/plain/ifetex/ifetex.tex))
(/usr/share/texmf-dist/tex/generic/ifxetex/ifxetex.sty
Package: ifxetex 2010/09/12 v0.6 Provides ifxetex conditional
)
(/usr/share/texmf-dist/tex/generic/oberdiek/ifluatex.sty
Package: ifluatex 2016/05/16 v1.4 Provides the ifluatex switch (HO)
Package ifluatex Info: LuaTeX not detected.
)
\stockheight=\skip44
\stockwidth=\skip45
\trimtop=\skip46
\trimedge=\skip47

(/usr/share/texmf-dist/tex/latex/memoir/mem12.clo
File: mem12.clo 2010/10/19 v0.4b memoir class 12pt size option
)
\binding=\skip48
\spinemargin=\skip49
\foremargin=\skip50
\uppermargin=\skip51
\lowermargin=\skip52
\headdrop=\skip53
\normalrulethickness=\skip54
\mem@maxheadheight=\skip55
\mem@maxfootheight=\skip56
\headwidth=\skip57
\c@storedpagenumber=\count81
\memPD=\dimen102
\m@mabparskip=\skip58
\thanksmarkwidth=\skip59
\thanksmarksep=\skip60
\droptitle=\skip61
\c@book=\count82
\c@part=\count83
\c@chapter=\count84
\c@section=\count85
\c@subsection=\count86
\c@subsubsection=\count87
\c@paragraph=\count88
\c@subparagraph=\count89
\beforechapskip=\skip62
\midchapskip=\skip63
\afterchapskip=\skip64
\chapindent=\skip65
\bottomsectionskip=\skip66
\secindent=\skip67
\beforesecskip=\skip68
\aftersecskip=\skip69
\subsecindent=\skip70
\beforesubsecskip=\skip71
\aftersubsecskip=\skip72
\subsubsecindent=\skip73
\beforesubsubsecskip=\skip74
\aftersubsubsecskip=\skip75
\paraindent=\skip76
\beforeparaskip=\skip77
\afterparaskip=\skip78
\subparaindent=\skip79
\beforesubparaskip=\skip80
\aftersubparaskip=\skip81
\pfbreakskip=\skip82
\c@@ppsavesec=\count90
\c@@ppsaveapp=\count91
\ragrparindent=\dimen103
\everylistparindent=\dimen104
\parsepi=\skip83
\topsepi=\skip84
\itemsepi=\skip85
\parsepii=\skip86
\topsepii=\skip87
\topsepiii=\skip88
\itemsepii=\skip89
\itemsepiii=\skip90
\partopsepii=\skip91
\partopsepiii=\skip92
\m@msavetopsep=\skip93
\m@msavepartopsep=\skip94
\@enLab=\toks14
\abstitleskip=\skip95
\absleftindent=\skip96
\abs@leftindent=\dimen105
\absrightindent=\skip97
\absparindent=\skip98
\absparsep=\skip99
\c@vslineno=\count92
\c@poemline=\count93
\c@modulo@vs=\count94
\c@memfvsline=\count95
\vleftskip=\skip100
\vrightskip=\skip101
\stanzaskip=\skip102
\versewidth=\skip103
\vgap=\skip104
\vindent=\skip105
\vleftmargin=\dimen106
\c@verse=\count96
\c@chrsinstr=\count97
\beforepoemtitleskip=\skip106
\afterpoemtitleskip=\skip107
\c@poem=\count98
\beforePoemTitleskip=\skip108
\midPoemTitleskip=\skip109
\afterPoemTitleskip=\skip110
\col@sep=\dimen107
\extrarowheight=\dimen108
\NC@list=\toks15
\extratabsurround=\skip111
\backup@length=\skip112
\TX@col@width=\dimen109
\TX@old@table=\dimen110
\TX@old@col=\dimen111
\TX@target=\dimen112
\TX@delta=\dimen113
\TX@cols=\count99
\TX@ftn=\toks16
\heavyrulewidth=\dimen114
\lightrulewidth=\dimen115
\cmidrulewidth=\dimen116
\belowrulesep=\dimen117
\belowbottomsep=\dimen118
\aboverulesep=\dimen119
\abovetopsep=\dimen120
\cmidrulesep=\dimen121
\cmidrulekern=\dimen122
\defaultaddspace=\dimen123
\@cmidla=\count100
\@cmidlb=\count101
\@aboverulesep=\dimen124
\@belowrulesep=\dimen125
\@thisruleclass=\count102
\@lastruleclass=\count103
\@thisrulewidth=\dimen126
\ctableftskip=\skip113
\ctabrightskip=\skip114
\abovecolumnspenalty=\count104
\@linestogo=\count105
\@cellstogo=\count106
\@cellsincolumn=\count107
\crtok=\toks17
\@mincolumnwidth=\dimen127
\c@newflo@tctr=\count108
\mem@margin@floatbox=\box26
\@contcwidth=\skip115
\@contindw=\skip116
\abovecaptionskip=\skip117
\belowcaptionskip=\skip118
\subfloattopskip=\skip119
\subfloatcapskip=\skip120
\subfloatcaptopadj=\skip121
\subfloatbottomskip=\skip122
\subfloatlabelskip=\skip123
\subfloatcapmargin=\dimen128
\c@@contsubnum=\count109
\m@mscap@capbox=\box27
\m@mscap@fbox=\box28
\sidecapsep=\dimen129
\sidecapwidth=\dimen130
\m@m@tempdima=\dimen131
\m@mscapraise=\dimen132
\sidecapraise=\dimen133
\m@mscapmainwidth=\dimen134
\m@mscaplkern=\dimen135
\beforeepigraphskip=\skip124
\afterepigraphskip=\skip125
\epigraphwidth=\skip126
\epigraphrule=\skip127
LaTeX Info: Redefining \em on input line 7551.
LaTeX Info: Redefining \emph on input line 7559.
\tocentryskip=\skip128
\tocbaseline=\skip129
\cftparskip=\skip130
\cftbeforebookskip=\skip131
\cftbookindent=\dimen136
\cftbooknumwidth=\dimen137
\cftbeforepartskip=\skip132
\cftpartindent=\skip133
\cftpartnumwidth=\skip134
\cftbeforechapterskip=\skip135
\cftchapterindent=\skip136
\cftchapternumwidth=\skip137
\cftbeforesectionskip=\skip138
\cftsectionindent=\skip139
\cftsectionnumwidth=\skip140
\cftbeforesubsectionskip=\skip141
\cftsubsectionindent=\skip142
\cftsubsectionnumwidth=\skip143
\cftbeforesubsubsectionskip=\skip144
\cftsubsubsectionindent=\skip145
\cftsubsubsectionnumwidth=\skip146
\cftbeforeparagraphskip=\skip147
\cftparagraphindent=\skip148
\cftparagraphnumwidth=\skip149
\cftbeforesubparagraphskip=\skip150
\cftsubparagraphindent=\skip151
\cftsubparagraphnumwidth=\skip152
\prechapterprecisshift=\dimen138
\c@maxsecnumdepth=\count110
\bibindent=\dimen139
\bibitemsep=\skip153
\indexcolsep=\skip154
\indexrule=\skip155
\indexmarkstyle=\toks18
\@indexbox=\insert199
\glossarycolsep=\dimen140
\glossaryrule=\dimen141
\sideparvshift=\skip156
\sideins=\insert198
\sidebartopsep=\skip157
\sidebarhsep=\skip158
\sidebarvsep=\skip159
\sidebarwidth=\skip160
\footmarkwidth=\skip161
\footmarksep=\skip162
\footparindent=\skip163
\footinsdim=\skip164
\footinsv@r=\insert197
\@mpfootinsv@r=\insert196
\m@m@k=\count111
\m@m@h=\dimen142
\m@mipn@skip=\skip165
\sidefootins=\insert195
\sidefootadjust=\skip166
\sidefootheight=\skip167
\sidefoothsep=\skip168
\sidefootvsep=\skip169
\sidefootwidth=\skip170
\m@mdownsf=\skip171
\c@sidefootnote=\count112
\sidefootmarkwidth=\skip172
\sidefootmarksep=\skip173
\sidefootparindent=\skip174
\c@pagenote=\count113
\c@pagenoteshadow=\count114
\mem@pn@lastkern=\skip175
\every@verbatim=\toks19
\afterevery@verbatim=\toks20
\verbatim@line=\toks21
\tab@position=\count115
\verbatim@in@stream=\read1
\verbatimindent=\skip176
\verbatim@out=\write3
\bvboxsep=\skip177
\c@memfbvline=\count116
\c@bvlinectr=\count117
\bvnumlength=\skip178
\fb@frw=\dimen143
\fb@frh=\dimen144
\FrameRule=\dimen145
\FrameSep=\dimen146
\c@cp@cntr=\count118
LaTeX Info: Redefining \: on input line 12068.
LaTeX Info: Redefining \! on input line 12070.
\c@ism@mctr=\count119
\c@xsm@mctr=\count120
\c@csm@mctr=\count121
\c@ksm@mctr=\count122
\c@xksm@mctr=\count123
\c@cksm@mctr=\count124
\c@msm@mctr=\count125
\c@xmsm@mctr=\count126
\c@cmsm@mctr=\count127
\c@bsm@mctr=\count128
\c@workm@mctr=\count129
\c@sheetsequence=\count130
\c@lastsheet=\count131
\c@lastpage=\count132
\c@figure=\count133
\c@lofdepth=\count134
\cftbeforefigureskip=\skip179
\cftfigureindent=\skip180
\cftfigurenumwidth=\skip181
\c@table=\count135
\c@lotdepth=\count136
\cftbeforetableskip=\skip182
\cfttableindent=\skip183
\cfttablenumwidth=\skip184
Package abstract [2008/07/23] emulated by memoir.
Package appendix [2008/07/23] emulated by memoir.
Package array [2008/09/09] emulated by memoir.
Package booktabs [2016/05/16] emulated by memoir.
Package ccaption [2008/07/23] emulated by memoir.
Package changepage [2008/07/23] emulated by memoir.
Package chngcntr [2008/07/23] emulated by memoir.
Package chngpage [2008/07/23] emulated by memoir.
Package crop emulated by memoir.
Package dcolumn [2008/07/23] emulated by memoir.
Package delarray [2008/07/23] emulated by memoir.
Package enumerate [2008/07/23] emulated by memoir.
Package epigraph [2008/07/23] emulated by memoir.
Package ifmtarg [2008/07/23] emulated by memoir.
Package index [2008/07/23] emulated by memoir.
Package makeidx [2008/07/23] emulated by memoir.
Package moreverb [2008/07/23] emulated by memoir.
Package mparhack [2008/07/23] emulated by memoir.
Package needspace [2008/07/23] emulated by memoir.
Package newfile [2008/07/23] emulated by memoir.
Package nextpage [2008/07/23] emulated by memoir.
Package pagenote [2008/07/23] emulated by memoir.
Package parskip [2008/07/23] emulated by memoir.
Package patchcmd [2008/07/23] emulated by memoir.
Package setspace [2008/07/23] emulated by memoir.
Package shortvrb [2008/07/23] emulated by memoir.
Package showidx [2008/07/23] emulated by memoir.
Package tabularx [2008/07/23] emulated by memoir.
Package titleref [2008/07/23] emulated by memoir.
Package titling [2008/07/23] emulated by memoir.
Package tocbibind [2008/07/23] emulated by memoir.
Package tocloft [2008/07/23] emulated by memoir.
Package tocvsec2 [2008/07/23] emulated by memoir.
Package verbatim [2008/07/23] emulated by memoir.
Package verse [2008/07/23] emulated by memoir.

(/usr/share/texmf-dist/tex/latex/memoir/mempatch.sty
Package: mempatch 2009/07/24 v6.0f Patches for memoir class v1.6180339
))
(/home/editorial/texmf/tex/commands.sty) (/home/editorial/texmf/tex/hedra.sty)
(/home/editorial/texmf/tex/hedraoptions.sty

Class memoir Warning: \marginparsep is zero or negative on input line 165.


******************************************************
Stock height and width: 845.04684pt by 597.50787pt
Top and edge trims: 56.9055pt and 71.1319pt
Page height and width: 654.41338pt by 455.24408pt
Text height and width: 505pt by 324pt
Spine and edge margins: 60.62624pt and 70.03754pt
Upper and lower margins: 52.07825pt and 97.33513pt
Headheight and headsep: 28.45274pt and 0pt
Footskip: 34.1433pt
Columnsep and columnseprule: 10pt and 0pt
Marginparsep and marginparwidth: 0pt and 81.14507pt
Sidecapsep and sidecapwidth: 7pt and 102pt
Sidebarhsep and sidebarwidth: 7pt and 102pt
Sidebarvsep and sidebartopsep: 14.5pt and 0pt
Sidebarheight: 546.64995pt
Sidefoothsep and sidefootwidth: 7pt and 102pt
Sidefootvsep and sidefootheight: 14.5pt and 546.64995pt
******************************************************

) (/home/editorial/texmf/tex/hedrastyles.sty
(/usr/share/texmf-dist/tex/latex/textcase/textcase.sty
Package: textcase 2004/10/07 v0.07 Text only upper/lower case changing (DPC)
LaTeX Info: Redefining \MakeTextUppercase on input line 47.
LaTeX Info: Redefining \MakeTextLowercase on input line 50.
)
(/usr/share/texmf-dist/tex/latex/etoolbox/etoolbox.sty
Package: etoolbox 2017/01/02 v2.4 e-TeX tools for LaTeX (JAW)
\etb@tempcnta=\count137
))
(/home/editorial/texmf/tex/tipografia.sty
(/usr/share/texmf-dist/tex/latex/lettrine/lettrine.sty
File: lettrine.sty 2015/08/31 v1.9 (Daniel Flipo)

(/usr/share/texmf-dist/tex/latex/graphics/keyval.sty
Package: keyval 2014/10/28 v1.15 key=value parser (DPC)
\KV@toks@=\toks22
)
\c@DefaultLines=\count138
\c@DefaultDepth=\count139
\DefaultFindent=\dimen147
\DefaultNindent=\dimen148
\DefaultSlope=\dimen149
\DiscardVskip=\dimen150
\L@lbox=\box29
\L@tbox=\box30
\c@L@lines=\count140
\c@L@depth=\count141
\L@Pindent=\dimen151
\L@Findent=\dimen152
\L@Nindent=\dimen153
\L@lraise=\dimen154
\L@first=\dimen155
\L@next=\dimen156
\L@slope=\dimen157
\L@height=\dimen158
\L@novskip=\dimen159
\LettrineWidth=\dimen160
\LettrineHeight=\dimen161
\LettrineDepth=\dimen162

Loading lettrine.cfg
(/usr/share/texmf-dist/tex/latex/lettrine/lettrine.cfg))
(/usr/share/texmf-dist/tex/generic/ulem/ulem.sty
\UL@box=\box31
\UL@hyphenbox=\box32
\UL@skip=\skip185
\UL@hook=\toks23
\UL@height=\dimen163
\UL@pe=\count142
\UL@pixel=\dimen164
\ULC@box=\box33
Package: ulem 2012/05/18
\ULdepth=\dimen165
)
(/usr/share/texmf-dist/tex/latex/comment/comment.sty
\CommentStream=\write4

Excluding comment 'comment') (/usr/share/texmf-dist/tex/latex/lipsum/lipsum.sty
Package: lipsum 2014/07/27 v1.3 150 paragraphs of Lorem Ipsum dummy text
\c@lips@count=\count143
) (/usr/share/texmf-dist/tex/latex/adforn/adforn.sty
Package: adforn 2010/07/25 v1.0 adforn CFR

(/usr/share/texmf-dist/tex/latex/psnfss/pifont.sty
Package: pifont 2005/04/12 PSNFSS-v9.2a Pi font support (SPQR) 
LaTeX Font Info:    Try loading font information for U+pzd on input line 63.

(/usr/share/texmf-dist/tex/latex/psnfss/upzd.fd
File: upzd.fd 2001/06/04 font definitions for U/pzd.
)
LaTeX Font Info:    Try loading font information for U+psy on input line 64.

(/usr/share/texmf-dist/tex/latex/psnfss/upsy.fd
File: upsy.fd 2001/06/04 font definitions for U/psy.
))
LaTeX Font Info:    Try loading font information for U+OrnementsADF on input li
ne 4.

(/usr/share/texmf-dist/tex/latex/adforn/uornementsadf.fd))
(/home/editorial/texmf/tex/hifensextras.sty)
(/usr/share/texmf-dist/tex/latex/ncctools/manyfoot.sty
Package: manyfoot 2005/09/11 v1.10 Many Footnote Levels Package (NCC)

(/usr/share/texmf-dist/tex/latex/ncctools/nccfoots.sty
Package: nccfoots 2005/02/03 v1.2 NCC Footnotes Package (NCC)
)
\MFL@columnwidth=\dimen166
\footglue=\skip186
)
(/usr/share/texmf-dist/tex/latex/footmisc/footmisc.sty
Package: footmisc 2011/06/06 v5.5b a miscellany of footnote facilities
\FN@temptoken=\toks24
\footnotemargin=\dimen167


LaTeX Warning: Command \@makecol  has changed.
               Check if current package is valid.

\c@pp@next@reset=\count144

LaTeX Warning: Command \@footnotemark  has changed.
               Check if current package is valid.

Package footmisc Info: Declaring symbol style bringhurst on input line 855.
Package footmisc Info: Declaring symbol style chicago on input line 863.
Package footmisc Info: Declaring symbol style wiley on input line 872.
Package footmisc Info: Declaring symbol style lamport-robust on input line 883.

Package footmisc Info: Declaring symbol style lamport* on input line 903.
Package footmisc Info: Declaring symbol style lamport*-robust on input line 924
.
) (/usr/share/texmf-dist/tex/latex/xifthen/xifthen.sty
Package: xifthen 2015/11/05 v1.4.0 Extended ifthen features

(/usr/share/texmf-dist/tex/latex/tools/calc.sty
Package: calc 2014/10/28 v4.3 Infix arithmetic (KKT,FJ)
\calc@Acount=\count145
\calc@Bcount=\count146
\calc@Adimen=\dimen168
\calc@Bdimen=\dimen169
\calc@Askip=\skip187
\calc@Bskip=\skip188
LaTeX Info: Redefining \setlength on input line 80.
LaTeX Info: Redefining \addtolength on input line 81.
\calc@Ccount=\count147
\calc@Cskip=\skip189
)
(/usr/share/texmf-dist/tex/latex/base/ifthen.sty
Package: ifthen 2014/09/29 v1.1c Standard LaTeX ifthen package (DPC)
))
(/usr/share/texmf-dist/tex/latex/mdwtools/footnote.sty
Package: footnote 1997/01/28 1.13 Save footnotes around boxes
\fn@notes=\box34
\fn@width=\dimen170
)
\epigraphminimallength=\skip190
)
(/usr/share/texmf-dist/tex/generic/babel/babel.sty
Package: babel 2017/11/03 3.15 The Babel package

(/usr/share/texmf-dist/tex/generic/babel/switch.def
File: switch.def 2017/11/03 3.15 Babel switching mechanism
)
(/usr/share/texmf-dist/tex/generic/babel-greek/greek.ldf
Language: greek 2016/09/07 v1.9g Greek support for the babel system

(/usr/share/texmf-dist/tex/generic/babel/babel.def
File: babel.def 2017/11/03 3.15 Babel common definitions

(/usr/share/texmf-dist/tex/generic/babel/switch.def
File: switch.def 2017/11/03 3.15 Babel switching mechanism
)
\babel@savecnt=\count148
\U@D=\dimen171

(/usr/share/texmf-dist/tex/generic/babel/xebabel.def)
\bbl@dirlevel=\count149
)
\bbl@monogreek=\count150
\bbl@polygreek=\count151
\bbl@ancientgreek=\count152

(/usr/share/texmf-dist/tex/latex/greek-fontenc/lgrenc.def
File: lgrenc.def 2015/12/07 v0.13.1 LGR Greek font encoding definitions

(/usr/share/texmf-dist/tex/latex/greek-fontenc/greek-fontenc.def
File: greek-fontenc.def 2015/08/04 v0.13 Common Greek font encoding definitions

))
LaTeX Info: Composite with undeclared \< in encoding LGR on input line 418.
LaTeX Info: Composite with undeclared \> in encoding LGR on input line 418.
)
(/usr/share/texmf-dist/tex/generic/babel-english/english.ldf
Language: english 2017/06/06 v3.3r English support from the babel system
\l@canadian = a dialect from \language\l@american 
\l@australian = a dialect from \language\l@british 
\l@newzealand = a dialect from \language\l@british 
)
(/usr/share/texmf-dist/tex/generic/babel-italian/italian.ldf
Language: italian 2015/03/26 v1.3n Italian support from the babel system
\it@lettering=\count153
\it@doublequoteactive=\count154
\it@ISOcompliance=\count155
)
(/usr/share/texmf-dist/tex/generic/babel-german/ngerman.ldf
Language: ngerman 2016/11/02 v2.9 German support for babel (new orthography)

(/usr/share/texmf-dist/tex/generic/babel-german/ngermanb.ldf
Language: ngermanb 2016/11/02 v2.9 German support for babel (new orthography)
Package babel Info: Making " an active character on input line 125.
))
(/usr/share/texmf-dist/tex/generic/babel-french/french.ldf
Language: french 2017/10/19 v3.3d French support from the babel system
\FB@nonchar=\count156
\FBcolonsp=\toks25
\FBthinsp=\toks26
Package french.ldf Info: No need for active punctuation characters
(french.ldf)             with this version of XeTeX!
(french.ldf)             reported on input line 234.
\FB@punctthick=\XeTeXcharclass1
\FB@punctthin=\XeTeXcharclass2
\FB@punctnul=\XeTeXcharclass3
\FB@guilo=\XeTeXcharclass4
\FB@guilf=\XeTeXcharclass5
\FB@guilnul=\XeTeXcharclass6
\FBguillsp=\toks27
\FBguill@level=\count157
\FB@everypar=\toks28
\FB@Mht=\dimen172
LaTeX Info: Redefining \degres on input line 681.
\mc@charclass=\count158
\mc@charfam=\count159
\mc@charslot=\count160
\std@mcc=\count161
\dec@mcc=\count162
\c@FBcaption@count=\count163
\listindentFB=\skip191
\descindentFB=\skip192
\labelwidthFB=\skip193
\leftmarginFB=\skip194
\parindentFFN=\dimen173
\FBfnindent=\skip256
)
(/usr/share/texmf-dist/tex/generic/babel-russian/russianb.ldf
Language: russian 2017/08/12 1.3j Russian support for the Babel system
Package babel Info: Default for \cyrdash is provided on input line 157.
)
(/usr/share/texmf-dist/tex/generic/babel-portuges/portuges.ldf
Language: portuges 2008/03/18 v1.2q Portuguese support from the babel system
\l@brazilian = a dialect from \language\l@portuges 
))
(/usr/share/texmf-dist/tex/latex/carlisle/scalefnt.sty)
(/usr/share/texmf-dist/tex/latex/microtype/microtype.sty
Package: microtype 2017/07/07 v2.7 Micro-typographical refinements (RS)
\MT@toks=\toks29
\MT@count=\count164
LaTeX Info: Redefining \textls on input line 789.
\MT@outer@kern=\dimen174
LaTeX Info: Redefining \textmicrotypecontext on input line 1334.
\MT@listname@count=\count165

(/usr/share/texmf-dist/tex/latex/microtype/microtype-xetex.def
File: microtype-xetex.def 2017/07/07 v2.7 Definitions specific to xetex (RS)
LaTeX Info: Redefining \lsstyle on input line 255.
)
Package microtype Info: Loading configuration file microtype.cfg.

(/usr/share/texmf-dist/tex/latex/microtype/microtype.cfg
File: microtype.cfg 2017/07/07 v2.7 microtype main configuration file (RS)
))
(/usr/share/texmf-dist/tex/latex/fontspec/fontspec.sty
(/usr/share/texmf-dist/tex/latex/l3packages/xparse/xparse.sty
(/usr/share/texmf-dist/tex/latex/l3kernel/expl3.sty
Package: expl3 2017/11/14 L3 programming layer (loader) 

(/usr/share/texmf-dist/tex/latex/l3kernel/expl3-code.tex
Package: expl3 2017/11/14 L3 programming layer (code)
\c_max_int=\count166
\l_tmpa_int=\count167
\l_tmpb_int=\count168
\g_tmpa_int=\count169
\g_tmpb_int=\count170
\g__intarray_font_int=\count171
\g__prg_map_int=\count172
\c_log_iow=\count173
\l_iow_line_count_int=\count174
\l__iow_line_target_int=\count175
\l__iow_one_indent_int=\count176
\l__iow_indent_int=\count177
\c_zero_dim=\dimen175
\c_max_dim=\dimen176
\l_tmpa_dim=\dimen177
\l_tmpb_dim=\dimen178
\g_tmpa_dim=\dimen179
\g_tmpb_dim=\dimen180
\c_zero_skip=\skip257
\c_max_skip=\skip258
\l_tmpa_skip=\skip259
\l_tmpb_skip=\skip260
\g_tmpa_skip=\skip261
\g_tmpb_skip=\skip262
\c_zero_muskip=\muskip10
\c_max_muskip=\muskip11
\l_tmpa_muskip=\muskip12
\l_tmpb_muskip=\muskip13
\g_tmpa_muskip=\muskip14
\g_tmpb_muskip=\muskip15
\l_keys_choice_int=\count178
\c__fp_leading_shift_int=\count179
\c__fp_middle_shift_int=\count180
\c__fp_trailing_shift_int=\count181
\c__fp_big_leading_shift_int=\count182
\c__fp_big_middle_shift_int=\count183
\c__fp_big_trailing_shift_int=\count184
\c__fp_Bigg_leading_shift_int=\count185
\c__fp_Bigg_middle_shift_int=\count186
\c__fp_Bigg_trailing_shift_int=\count187
\l__sort_length_int=\count188
\l__sort_min_int=\count189
\l__sort_top_int=\count190
\l__sort_max_int=\count191
\l__sort_true_max_int=\count192
\l__sort_block_int=\count193
\l__sort_begin_int=\count194
\l__sort_end_int=\count266
\l__sort_A_int=\count267
\l__sort_B_int=\count268
\l__sort_C_int=\count269
\l__tl_build_start_index_int=\count270
\l__tl_build_index_int=\count271
\l__tl_analysis_normal_int=\count272
\l__tl_analysis_index_int=\count273
\l__tl_analysis_nesting_int=\count274
\l__tl_analysis_type_int=\count275
\l__regex_internal_a_int=\count276
\l__regex_internal_b_int=\count277
\l__regex_internal_c_int=\count278
\l__regex_balance_int=\count279
\l__regex_group_level_int=\count280
\l__regex_mode_int=\count281
\c__regex_cs_in_class_mode_int=\count282
\c__regex_cs_mode_int=\count283
\l__regex_catcodes_int=\count284
\l__regex_default_catcodes_int=\count285
\c__regex_catcode_L_int=\count286
\c__regex_catcode_O_int=\count287
\c__regex_catcode_A_int=\count288
\c__regex_all_catcodes_int=\count289
\l__regex_show_lines_int=\count290
\l__regex_min_state_int=\count291
\l__regex_max_state_int=\count292
\l__regex_left_state_int=\count293
\l__regex_right_state_int=\count294
\l__regex_capturing_group_int=\count295
\l__regex_min_pos_int=\count296
\l__regex_max_pos_int=\count297
\l__regex_curr_pos_int=\count298
\l__regex_start_pos_int=\count299
\l__regex_success_pos_int=\count300
\l__regex_curr_char_int=\count301
\l__regex_curr_catcode_int=\count302
\l__regex_last_char_int=\count303
\l__regex_case_changed_char_int=\count304
\l__regex_curr_state_int=\count305
\l__regex_step_int=\count306
\l__regex_min_active_int=\count307
\l__regex_max_active_int=\count308
\l__regex_replacement_csnames_int=\count309
\l__regex_match_count_int=\count310
\l__regex_min_submatch_int=\count311
\l__regex_submatch_int=\count312
\l__regex_zeroth_submatch_int=\count313
\g__debug_trace_regex_int=\count314
\c_empty_box=\box35
\l_tmpa_box=\box36
\l_tmpb_box=\box37
\g_tmpa_box=\box38
\g_tmpb_box=\box39
\l__box_top_dim=\dimen181
\l__box_bottom_dim=\dimen182
\l__box_left_dim=\dimen183
\l__box_right_dim=\dimen184
\l__box_top_new_dim=\dimen185
\l__box_bottom_new_dim=\dimen186
\l__box_left_new_dim=\dimen187
\l__box_right_new_dim=\dimen188
\l__box_internal_box=\box40
\l__coffin_internal_box=\box41
\l__coffin_internal_dim=\dimen189
\l__coffin_offset_x_dim=\dimen190
\l__coffin_offset_y_dim=\dimen191
\l__coffin_x_dim=\dimen192
\l__coffin_y_dim=\dimen193
\l__coffin_x_prime_dim=\dimen194
\l__coffin_y_prime_dim=\dimen256
\c_empty_coffin=\box42
\l__coffin_aligned_coffin=\box43
\l__coffin_aligned_internal_coffin=\box44
\l_tmpa_coffin=\box45
\l_tmpb_coffin=\box46
\l__coffin_display_coffin=\box47
\l__coffin_display_coord_coffin=\box48
\l__coffin_display_pole_coffin=\box49
\l__coffin_display_offset_dim=\dimen257
\l__coffin_display_x_dim=\dimen258
\l__coffin_display_y_dim=\dimen259
\l__coffin_bounding_shift_dim=\dimen260
\l__coffin_left_corner_dim=\dimen261
\l__coffin_right_corner_dim=\dimen262
\l__coffin_bottom_corner_dim=\dimen263
\l__coffin_top_corner_dim=\dimen264
\l__coffin_scaled_total_height_dim=\dimen265
\l__coffin_scaled_width_dim=\dimen266
)
(/usr/share/texmf-dist/tex/latex/l3kernel/l3xdvipdfmx.def
File: l3xdvidpfmx.def 2017/03/18 v L3 Experimental driver: xdvipdfmx
\g__driver_image_int=\count315
\l__driver_tmp_box=\box50
))
Package: xparse 2017/11/14 L3 Experimental document command parser
\l__xparse_current_arg_int=\count316
\g__xparse_grabber_int=\count317
\l__xparse_m_args_int=\count318
\l__xparse_mandatory_args_int=\count319
\l__xparse_v_nesting_int=\count320
)
Package: fontspec 2017/11/09 v2.6g Font selection for XeLaTeX and LuaLaTeX

(/usr/share/texmf-dist/tex/latex/fontspec/fontspec-xetex.sty
Package: fontspec-xetex 2017/11/09 v2.6g Font selection for XeLaTeX and LuaLaTe
X
\l__fontspec_script_int=\count321
\l__fontspec_language_int=\count322
\l__fontspec_strnum_int=\count323
\l__fontspec_tmp_int=\count324
\l__fontspec_em_int=\count325
\l__fontspec_emdef_int=\count326
\l__fontspec_strong_int=\count327
\l__fontspec_strongdef_int=\count328
\l__fontspec_tmpa_dim=\dimen267
\l__fontspec_tmpb_dim=\dimen268
\l__fontspec_tmpc_dim=\dimen269
\g__file_internal_ior=\read2

(/usr/share/texmf-dist/tex/latex/base/fontenc.sty
Package: fontenc 2017/04/05 v2.0i Standard LaTeX package

(/usr/share/texmf-dist/tex/latex/base/tuenc.def
File: tuenc.def 2017/04/05 v2.0i Standard LaTeX file
LaTeX Font Info:    Redeclaring font encoding TU on input line 82.
)
LaTeX Font Info:    Try loading font information for TU+cmr on input line 105.
LaTeX Font Info:    No file TUcmr.fd. on input line 105.


LaTeX Font Warning: Font shape `TU/cmr/m/n' undefined
(Font)              using `TU/lmr/m/n' instead on input line 105.

)
.................................................
. LaTeX info: "xparse/define-command"
. 
. Defining command \fontspec with sig. 'O{}mO{}' on line 542.
.................................................
.................................................
. LaTeX info: "xparse/define-command"
. 
. Defining command \setmainfont with sig. 'O{}mO{}' on line 546.
.................................................
.................................................
. LaTeX info: "xparse/define-command"
. 
. Defining command \setsansfont with sig. 'O{}mO{}' on line 550.
.................................................
.................................................
. LaTeX info: "xparse/define-command"
. 
. Defining command \setmonofont with sig. 'O{}mO{}' on line 554.
.................................................
.................................................
. LaTeX info: "xparse/define-command"
. 
. Defining command \setmathrm with sig. 'O{}mO{}' on line 558.
.................................................
.................................................
. LaTeX info: "xparse/define-command"
. 
. Defining command \setboldmathrm with sig. 'O{}mO{}' on line 562.
.................................................
.................................................
. LaTeX info: "xparse/define-command"
. 
. Defining command \setmathsf with sig. 'O{}mO{}' on line 566.
.................................................
.................................................
. LaTeX info: "xparse/define-command"
. 
. Defining command \setmathtt with sig. 'O{}mO{}' on line 570.
.................................................
.................................................
. LaTeX info: "xparse/define-command"
. 
. Defining command \setromanfont with sig. 'O{}mO{}' on line 574.
.................................................
.................................................
. LaTeX info: "xparse/define-command"
. 
. Defining command \newfontfamily with sig. 'mO{}mO{}' on line 578.
.................................................
.................................................
. LaTeX info: "xparse/define-command"
. 
. Defining command \newfontface with sig. 'mO{}mO{}' on line 582.
.................................................
.................................................
. LaTeX info: "xparse/define-command"
. 
. Defining command \defaultfontfeatures with sig. 't+om' on line 586.
.................................................
.................................................
. LaTeX info: "xparse/define-command"
. 
. Defining command \addfontfeatures with sig. 'm' on line 590.
.................................................
.................................................
. LaTeX info: "xparse/define-command"
. 
. Defining command \addfontfeature with sig. 'm' on line 594.
.................................................
.................................................
. LaTeX info: "xparse/define-command"
. 
. Defining command \newfontfeature with sig. 'mm' on line 598.
.................................................
.................................................
. LaTeX info: "xparse/define-command"
. 
. Defining command \newAATfeature with sig. 'mmmm' on line 602.
.................................................
.................................................
. LaTeX info: "xparse/define-command"
. 
. Defining command \newopentypefeature with sig. 'mmm' on line 606.
.................................................
.................................................
. LaTeX info: "xparse/define-command"
. 
. Defining command \newICUfeature with sig. 'mmm' on line 610.
.................................................
.................................................
. LaTeX info: "xparse/define-command"
. 
. Defining command \aliasfontfeature with sig. 'mm' on line 614.
.................................................
.................................................
. LaTeX info: "xparse/define-command"
. 
. Defining command \aliasfontfeatureoption with sig. 'mmm' on line 618.
.................................................
.................................................
. LaTeX info: "xparse/define-command"
. 
. Defining command \newfontscript with sig. 'mm' on line 622.
.................................................
.................................................
. LaTeX info: "xparse/define-command"
. 
. Defining command \newfontlanguage with sig. 'mm' on line 626.
.................................................
.................................................
. LaTeX info: "xparse/define-command"
. 
. Defining command \DeclareFontsExtensions with sig. 'm' on line 630.
.................................................
.................................................
. LaTeX info: "xparse/define-command"
. 
. Defining command \IfFontFeatureActiveTF with sig. 'mmm' on line 634.
.................................................
.................................................
. LaTeX info: "xparse/define-command"
. 
. Defining command \EncodingCommand with sig. 'mO{}m' on line 3632.
.................................................
.................................................
. LaTeX info: "xparse/define-command"
. 
. Defining command \EncodingAccent with sig. 'mm' on line 3638.
.................................................
.................................................
. LaTeX info: "xparse/define-command"
. 
. Defining command \EncodingSymbol with sig. 'mm' on line 3644.
.................................................
.................................................
. LaTeX info: "xparse/define-command"
. 
. Defining command \EncodingComposite with sig. 'mmm' on line 3650.
.................................................
.................................................
. LaTeX info: "xparse/define-command"
. 
. Defining command \EncodingCompositeCommand with sig. 'mmm' on line 3656.
.................................................
.................................................
. LaTeX info: "xparse/define-command"
. 
. Defining command \DeclareUnicodeEncoding with sig. 'mm' on line 3681.
.................................................
.................................................
. LaTeX info: "xparse/define-command"
. 
. Defining command \UndeclareSymbol with sig. 'm' on line 3687.
.................................................
.................................................
. LaTeX info: "xparse/define-command"
. 
. Defining command \UndeclareAccent with sig. 'm' on line 3693.
.................................................
.................................................
. LaTeX info: "xparse/define-command"
. 
. Defining command \UndeclareCommand with sig. 'm' on line 3699.
.................................................
.................................................
. LaTeX info: "xparse/define-command"
. 
. Defining command \UndeclareComposite with sig. 'mm' on line 3706.
.................................................
 (/usr/share/texmf-dist/tex/latex/fontspec/fontspec.cfg)
LaTeX Info: Redefining \itshape on input line 3891.
LaTeX Info: Redefining \slshape on input line 3896.
LaTeX Info: Redefining \scshape on input line 3901.
LaTeX Info: Redefining \upshape on input line 3906.
LaTeX Info: Redefining \em on input line 3936.
LaTeX Info: Redefining \emph on input line 3961.
LaTeX Info: Redefining \- on input line 4015.
.................................................
. LaTeX info: "xparse/redefine-command"
. 
. Redefining command \oldstylenums with sig. 'm' on line 4110.
.................................................
.................................................
. LaTeX info: "xparse/define-command"
. 
. Defining command \liningnums with sig. 'm' on line 4114.
.................................................
))
(/usr/share/texmf-dist/tex/xelatex/xunicode/xunicode.sty
File: xunicode.sty 2011/09/09 v0.981 provides access to latin accents and many 
other characters in Unicode lower plane

(/usr/share/texmf-dist/tex/latex/tipa/t3enc.def
File: t3enc.def 2001/12/31 T3 encoding


LaTeX Font Warning: Font shape `TU/cmr/m/sl' undefined
(Font)              using `TU/cmr/m/n' instead on input line 316.


LaTeX Font Warning: Font shape `TU/cmr/m/it' undefined
(Font)              using `TU/cmr/m/n' instead on input line 316.


LaTeX Font Warning: Font shape `TU/cmr/bx/n' undefined
(Font)              using `TU/cmr/m/n' instead on input line 356.

)
\tipaTiiicode=\count329
\tipasavetokens=\toks30
\tipachecktokens=\toks31
 (/usr/share/texmf-dist/tex/latex/graphics/graphicx.sty
Package: graphicx 2017/06/01 v1.1a Enhanced LaTeX Graphics (DPC,SPQR)

(/usr/share/texmf-dist/tex/latex/graphics/graphics.sty
Package: graphics 2017/06/25 v1.2c Standard LaTeX Graphics (DPC,SPQR)

(/usr/share/texmf-dist/tex/latex/graphics/trig.sty
Package: trig 2016/01/03 v1.10 sin cos tan (DPC)
)
(/usr/share/texmf-dist/tex/latex/graphics-cfg/graphics.cfg
File: graphics.cfg 2016/06/04 v1.11 sample graphics configuration
)
Package graphics Info: Driver file: xetex.def on input line 99.

(/usr/share/texmf-dist/tex/latex/graphics-def/xetex.def
File: xetex.def 2017/06/24 v5.0h Graphics/color driver for xetex
))
\Gin@req@height=\dimen270
\Gin@req@width=\dimen271
))
\g__fontspec_family_LinuxLibertineO_int=\count330
.................................................
. fontspec info: "defining-font"
. 
. Font family 'LinuxLibertineO(0)' created for font 'Linux Libertine O' with
. options [Microtype,Ligatures=TeX,Ligatures=TeX,Numbers=OldStyle].
.  
.  This font family consists of the following NFSS series/shapes:
.  
. - 'normal' (m/n) with NFSS spec.: <->"Linux Libertine
. O/OT:script=latn;language=DFLT;protrusion=default,
. expansion=default;+onum;mapping=tex-text;"
. - 'small caps'  (m/sc) with NFSS spec.: <->"Linux Libertine
. O/OT:script=latn;language=DFLT;protrusion=default,
. expansion=default;+onum;+smcp;mapping=tex-text;"
. - 'bold' (bx/n) with NFSS spec.: <->"Linux Libertine
. O/B/OT:script=latn;language=DFLT;protrusion=default,
. expansion=default;+onum;mapping=tex-text;"
. - 'bold small caps'  (bx/sc) with NFSS spec.: <->"Linux Libertine
. O/B/OT:script=latn;language=DFLT;protrusion=default,
. expansion=default;+onum;+smcp;mapping=tex-text;"
. - 'italic' (m/it) with NFSS spec.: <->"Linux Libertine
. O/I/OT:script=latn;language=DFLT;protrusion=default,
. expansion=default;+onum;mapping=tex-text;"
. - 'italic small caps'  (m/itsc) with NFSS spec.: <->"Linux Libertine
. O/I/OT:script=latn;language=DFLT;protrusion=default,
. expansion=default;+onum;+smcp;mapping=tex-text;"
. - 'bold italic' (bx/it) with NFSS spec.: <->"Linux Libertine
. O/BI/OT:script=latn;language=DFLT;protrusion=default,
. expansion=default;+onum;mapping=tex-text;"
. - 'bold italic small caps'  (bx/itsc) with NFSS spec.: <->"Linux Libertine
. O/BI/OT:script=latn;language=DFLT;protrusion=default,
. expansion=default;+onum;+smcp;mapping=tex-text;"
.................................................
LaTeX Info: Redefining \rmfamily on input line 6.
Unknown feature `protrusion=default' in font `Linux Libertine O'.
Unknown feature `expansion=default' in font `Linux Libertine O'.
\g__fontspec_family_WenQuanYiMicroHei_int=\count331
.................................................
. fontspec info: "no-font-shape"
. 
. Could not resolve font "WenQuanYi Micro Hei/BI" (it probably doesn't exist).
.................................................
.................................................
. fontspec info: "no-font-shape"
. 
. Could not resolve font "WenQuanYi Micro Hei/B" (it probably doesn't exist).
.................................................
.................................................
. fontspec info: "no-font-shape"
. 
. Could not resolve font "WenQuanYi Micro Hei/I" (it probably doesn't exist).
.................................................
.................................................
. fontspec info: "defining-font"
. 
. Font family 'WenQuanYiMicroHei(0)' created for font 'WenQuanYi Micro Hei'
. with options [Microtype].
.  
.  This font family consists of the following NFSS series/shapes:
.  
. - 'normal' (m/n) with NFSS spec.: <->"WenQuanYi Micro
. Hei/OT:script=latn;language=DFLT;protrusion=default, expansion=default;"
. - 'small caps'  (m/sc) with NFSS spec.: 
.................................................

(/home/editorial/texmf/tex/toc.sty
(/usr/share/texmf-dist/tex/latex/titlesec/titletoc.sty
Package: titletoc 2011/12/15 v1.6 TOC entries
\ttl@leftsep=\dimen272
)
(/usr/share/texmf-dist/tex/latex/relsize/relsize.sty
Package: relsize 2013/03/29 ver 4.1
)) (./hedraextra.sty
(/usr/share/texmf-dist/tex/latex/base/textcomp.sty
Package: textcomp 2017/04/05 v2.0i Standard LaTeX package
Package textcomp Info: Sub-encoding information:
(textcomp)               5 = only ISO-Adobe without \textcurrency
(textcomp)               4 = 5 + \texteuro
(textcomp)               3 = 4 + \textohm
(textcomp)               2 = 3 + \textestimated + \textcurrency
(textcomp)               1 = TS1 - \textcircled - \t
(textcomp)               0 = TS1 (full)
(textcomp)             Font families with sub-encoding setting implement
(textcomp)             only a restricted character set as indicated.
(textcomp)             Family '?' is the default used for unknown fonts.
(textcomp)             See the documentation for details.
Package textcomp Info: Setting ? sub-encoding to TS1/1 on input line 79.

(/usr/share/texmf-dist/tex/latex/base/ts1enc.def
File: ts1enc.def 2001/06/05 v3.0e (jk/car/fm) Standard LaTeX file
)
LaTeX Info: Redefining \oldstylenums on input line 334.
Package textcomp Info: Setting cmr sub-encoding to TS1/0 on input line 349.
Package textcomp Info: Setting cmss sub-encoding to TS1/0 on input line 350.
Package textcomp Info: Setting cmtt sub-encoding to TS1/0 on input line 351.
Package textcomp Info: Setting cmvtt sub-encoding to TS1/0 on input line 352.
Package textcomp Info: Setting cmbr sub-encoding to TS1/0 on input line 353.
Package textcomp Info: Setting cmtl sub-encoding to TS1/0 on input line 354.
Package textcomp Info: Setting ccr sub-encoding to TS1/0 on input line 355.
Package textcomp Info: Setting ptm sub-encoding to TS1/4 on input line 356.
Package textcomp Info: Setting pcr sub-encoding to TS1/4 on input line 357.
Package textcomp Info: Setting phv sub-encoding to TS1/4 on input line 358.
Package textcomp Info: Setting ppl sub-encoding to TS1/3 on input line 359.
Package textcomp Info: Setting pag sub-encoding to TS1/4 on input line 360.
Package textcomp Info: Setting pbk sub-encoding to TS1/4 on input line 361.
Package textcomp Info: Setting pnc sub-encoding to TS1/4 on input line 362.
Package textcomp Info: Setting pzc sub-encoding to TS1/4 on input line 363.
Package textcomp Info: Setting bch sub-encoding to TS1/4 on input line 364.
Package textcomp Info: Setting put sub-encoding to TS1/5 on input line 365.
Package textcomp Info: Setting uag sub-encoding to TS1/5 on input line 366.
Package textcomp Info: Setting ugq sub-encoding to TS1/5 on input line 367.
Package textcomp Info: Setting ul8 sub-encoding to TS1/4 on input line 368.
Package textcomp Info: Setting ul9 sub-encoding to TS1/4 on input line 369.
Package textcomp Info: Setting augie sub-encoding to TS1/5 on input line 370.
Package textcomp Info: Setting dayrom sub-encoding to TS1/3 on input line 371.
Package textcomp Info: Setting dayroms sub-encoding to TS1/3 on input line 372.

Package textcomp Info: Setting pxr sub-encoding to TS1/0 on input line 373.
Package textcomp Info: Setting pxss sub-encoding to TS1/0 on input line 374.
Package textcomp Info: Setting pxtt sub-encoding to TS1/0 on input line 375.
Package textcomp Info: Setting txr sub-encoding to TS1/0 on input line 376.
Package textcomp Info: Setting txss sub-encoding to TS1/0 on input line 377.
Package textcomp Info: Setting txtt sub-encoding to TS1/0 on input line 378.
Package textcomp Info: Setting lmr sub-encoding to TS1/0 on input line 379.
Package textcomp Info: Setting lmdh sub-encoding to TS1/0 on input line 380.
Package textcomp Info: Setting lmss sub-encoding to TS1/0 on input line 381.
Package textcomp Info: Setting lmssq sub-encoding to TS1/0 on input line 382.
Package textcomp Info: Setting lmvtt sub-encoding to TS1/0 on input line 383.
Package textcomp Info: Setting lmtt sub-encoding to TS1/0 on input line 384.
Package textcomp Info: Setting qhv sub-encoding to TS1/0 on input line 385.
Package textcomp Info: Setting qag sub-encoding to TS1/0 on input line 386.
Package textcomp Info: Setting qbk sub-encoding to TS1/0 on input line 387.
Package textcomp Info: Setting qcr sub-encoding to TS1/0 on input line 388.
Package textcomp Info: Setting qcs sub-encoding to TS1/0 on input line 389.
Package textcomp Info: Setting qpl sub-encoding to TS1/0 on input line 390.
Package textcomp Info: Setting qtm sub-encoding to TS1/0 on input line 391.
Package textcomp Info: Setting qzc sub-encoding to TS1/0 on input line 392.
Package textcomp Info: Setting qhvc sub-encoding to TS1/0 on input line 393.
Package textcomp Info: Setting futs sub-encoding to TS1/4 on input line 394.
Package textcomp Info: Setting futx sub-encoding to TS1/4 on input line 395.
Package textcomp Info: Setting futj sub-encoding to TS1/4 on input line 396.
Package textcomp Info: Setting hlh sub-encoding to TS1/3 on input line 397.
Package textcomp Info: Setting hls sub-encoding to TS1/3 on input line 398.
Package textcomp Info: Setting hlst sub-encoding to TS1/3 on input line 399.
Package textcomp Info: Setting hlct sub-encoding to TS1/5 on input line 400.
Package textcomp Info: Setting hlx sub-encoding to TS1/5 on input line 401.
Package textcomp Info: Setting hlce sub-encoding to TS1/5 on input line 402.
Package textcomp Info: Setting hlcn sub-encoding to TS1/5 on input line 403.
Package textcomp Info: Setting hlcw sub-encoding to TS1/5 on input line 404.
Package textcomp Info: Setting hlcf sub-encoding to TS1/5 on input line 405.
Package textcomp Info: Setting pplx sub-encoding to TS1/3 on input line 406.
Package textcomp Info: Setting pplj sub-encoding to TS1/3 on input line 407.
Package textcomp Info: Setting ptmx sub-encoding to TS1/4 on input line 408.
Package textcomp Info: Setting ptmj sub-encoding to TS1/4 on input line 409.
)
(/usr/share/texmf-dist/tex/latex/tools/bm.sty
Package: bm 2017/01/16 v1.2c Bold Symbol Support (DPC/FMi)
\symboldoperators=\mathgroup4
\symboldletters=\mathgroup5
\symboldsymbols=\mathgroup6
LaTeX Font Info:    Redeclaring math alphabet \mathbf on input line 141.
LaTeX Info: Redefining \bm on input line 207.
)
(/usr/share/texmf-dist/tex/latex/fix2col/fix2col.sty
Package: fix2col 2015/11/13 v0.04 Output Routine fixes for two column mode (DPC
,FMi)


Package fix2col Warning: Obsolete package: ignored.

) (/usr/share/texmf-dist/tex/latex/base/fixltx2e.sty
Package: fixltx2e 2016/12/29 v2.1a fixes to LaTeX (obsolete)
Applying: [2015/01/01] Old fixltx2e package on input line 46.


Package fixltx2e Warning: fixltx2e is not required with releases after 2015
(fixltx2e)                All fixes are now in the LaTeX kernel.
(fixltx2e)                See the latexrelease package for details.

Already applied: [0000/00/00] Old fixltx2e package on input line 53.
) (/usr/share/texmf-dist/tex/latex/lastpage/lastpage.sty
Package: lastpage 2015/03/29 v1.2m Refers to last page's name (HMM; JPG)
)
(/usr/share/texmf-dist/tex/latex/shorttoc/shorttoc.sty
Package: shorttoc 2002/08/20 v1.3 Short table of contents (JPFD)
)
\c@@sectionNumCenter=\count332
)
(/home/editorial/texmf/tex/penalidades.sty)
(/home/editorial/texmf/tex/graficos.sty
(/usr/share/texmf-dist/tex/latex/wrapfig/wrapfig.sty
\wrapoverhang=\dimen273
\WF@size=\dimen274
\c@WF@wrappedlines=\count333
\WF@box=\box51
\WF@everypar=\toks32
Package: wrapfig 2003/01/31  v 3.6
)

Class memoir Warning: You are using the caption package with the memoir class. 
To prepare we will now reset all captioning macros and configurations to kernel
 defaults, and then let the caption package take over. Please remember to use
 the caption package interfaces in order to
 configure your captions.

(/usr/share/texmf-dist/tex/latex/caption/caption.sty
Package: caption 2016/02/21 v3.3-144 Customizing captions (AR)

(/usr/share/texmf-dist/tex/latex/caption/caption3.sty
Package: caption3 2016/05/22 v1.7-166 caption3 kernel (AR)
Package caption3 Info: TeX engine: e-TeX on input line 67.
\captionmargin=\dimen275
\captionmargin@=\dimen276
\captionwidth=\dimen277
\caption@tempdima=\dimen278
\caption@indent=\dimen279
\caption@parindent=\dimen280
\caption@hangindent=\dimen281
)
\c@ContinuedFloat=\count334
Package caption Info: wrapfig package is loaded.
)
(/usr/share/texmf-dist/tex/latex/textpos/textpos.sty
Package: textpos 2016/06/07 v1.8

Package: textpos 2016/06/07 1.8, absolute positioning of text on the page
\TP@textbox=\box52
\TPHorizModule=\dimen282
\TPVertModule=\dimen283
\TP@margin=\dimen284
\TP@absmargin=\dimen285
Grid set 16 x 16 = 28.45274pt x 40.90083pt
\TPboxrulesize=\dimen286
\TP@tbargs=\toks33
\TP@prevdepth=\dimen287
) (/usr/share/texmf-dist/tex/latex/sttools/floatpag.sty
Package: floatpag 2012/05/29 v1.1 Different pagestyles on float pages
Package: floatpag 1999/04/29 FLOAT PAGESTYLE
)
(/usr/share/texmf-dist/tex/latex/morefloats/morefloats.sty
Package: morefloats 2015/07/22 v1.0h Raise limit of unprocessed floats (HMM)

(/usr/share/texmf-dist/tex/latex/oberdiek/kvoptions.sty
Package: kvoptions 2016/05/16 v3.12 Key value format for package options (HO)

(/usr/share/texmf-dist/tex/generic/oberdiek/ltxcmds.sty
Package: ltxcmds 2016/05/16 v1.23 LaTeX kernel commands for general use (HO)
)
(/usr/share/texmf-dist/tex/generic/oberdiek/kvsetkeys.sty
Package: kvsetkeys 2016/05/16 v1.17 Key value parser (HO)

(/usr/share/texmf-dist/tex/generic/oberdiek/infwarerr.sty
Package: infwarerr 2016/05/16 v1.4 Providing info/warning/error messages (HO)
)
(/usr/share/texmf-dist/tex/generic/oberdiek/etexcmds.sty
Package: etexcmds 2016/05/16 v1.6 Avoid name clashes with e-TeX commands (HO)
Package etexcmds Info: Could not find \expanded.
(etexcmds)             That can mean that you are not using pdfTeX 1.50 or
(etexcmds)             that some package has redefined \expanded.
(etexcmds)             In the latter case, load this package earlier.
)))
Package morefloats Info: Maximum number of possible floats asked for: 36
(morefloats)             (i.e. 18 more floats).
(morefloats)             LaTeX might run out of memory before this
(morefloats)             (in which case it will notify you).
))
\imageheight=\skip263
\imagewidth=\skip264

(/home/editorial/texmf/tex/hedralogo.sty
Package: hedralogo 27/12/08 v2.0 Editora Hedra (Mantenedor: JS)

(/usr/share/texmf-dist/tex/latex/graphics/color.sty
Package: color 2016/07/10 v1.1e Standard LaTeX Color (DPC)

(/usr/share/texmf-dist/tex/latex/graphics-cfg/color.cfg
File: color.cfg 2016/01/02 v1.6 sample color configuration
)
Package color Info: Driver file: xetex.def on input line 147.
)) (./fichatecnica.sty) (/home/editorial/texmf/tex/aparatos.sty
(/home/editorial/texmf/tex/listingx.sty)
(/home/editorial/texmf/tex/frontlayout.sty))
(/home/editorial/texmf/tex/fronthedra.tex) (./tabelas.sty
(/usr/share/texmf-dist/tex/latex/enumitem/enumitem.sty
Package: enumitem 2011/09/28 v3.5.2 Customized lists
\labelindent=\skip265
\enit@outerparindent=\dimen288
\enit@toks=\toks34
\enit@inbox=\box53
\enitdp@description=\count335
))
(/home/editorial/texmf/tex/versos.sty) (./gitrevisioninfo.sty)
(/usr/share/texmf-dist/tex/latex/supertabular/supertabular.sty
Package: supertabular 2004/02/20 v4.1e the supertabular environment
\c@tracingst=\count336
\ST@wd=\dimen289
\ST@rightskip=\skip266
\ST@leftskip=\skip267
\ST@parfillskip=\skip268
\ST@pageleft=\dimen290
\ST@headht=\dimen291
\ST@tailht=\dimen292
\ST@pagesofar=\dimen293
\ST@pboxht=\dimen294
\ST@lineht=\dimen295
\ST@stretchht=\dimen296
\ST@prevht=\dimen297
\ST@toadd=\dimen298
\ST@dimen=\dimen299
\ST@pbox=\box54
)
(/usr/share/texmf-dist/tex/latex/paracol/paracol.sty
Package: paracol 2015/10/10 v1.32 
\pcol@currcol=\count337
\pcol@nextcol=\count338
\pcol@ncol=\count339
\pcol@ncolleft=\count340
\pcol@page=\count341
\pcol@basepage=\count342
\pcol@toppage=\count343
\pcol@footnotebase=\count344
\pcol@nfootnotes=\count345
\pcol@mcid=\count346
\pcol@prevdepth=\dimen300
\pcol@colht=\dimen301
\pcol@textfloatsep=\dimen302
\pcol@lrmargin=\dimen303
\pagerim=\dimen304
\pcol@topskip=\skip269
\pcol@topfnotes=\box55
\pcol@prespan=\box56
\pcol@rightpage=\box57
\pcol@tempbox=\box58
\pcol@everyvbox=\toks35
) (./LIVRO.aux
(./INPUTS.aux) (./PUBLICIDADE.aux))
\openout1 = `LIVRO.aux'.

LaTeX Font Info:    Checking defaults for OML/cmm/m/it on input line 38.
LaTeX Font Info:    ... okay on input line 38.
LaTeX Font Info:    Checking defaults for T1/cmr/m/n on input line 38.
LaTeX Font Info:    ... okay on input line 38.
LaTeX Font Info:    Checking defaults for OT1/cmr/m/n on input line 38.
LaTeX Font Info:    ... okay on input line 38.
LaTeX Font Info:    Checking defaults for OMS/cmsy/m/n on input line 38.
LaTeX Font Info:    ... okay on input line 38.
LaTeX Font Info:    Checking defaults for TU/lmr/m/n on input line 38.
LaTeX Font Info:    ... okay on input line 38.
LaTeX Font Info:    Checking defaults for OMX/cmex/m/n on input line 38.
LaTeX Font Info:    ... okay on input line 38.
LaTeX Font Info:    Checking defaults for U/cmr/m/n on input line 38.
LaTeX Font Info:    ... okay on input line 38.
LaTeX Font Info:    Checking defaults for LGR/cmr/m/n on input line 38.
LaTeX Font Info:    Try loading font information for LGR+cmr on input line 38.

(/usr/share/texmf-dist/tex/latex/cbfonts-fd/lgrcmr.fd
File: lgrcmr.fd 2017/07/29 v1.2 Greek European Computer Regular
)
LaTeX Font Info:    ... okay on input line 38.
LaTeX Font Info:    Checking defaults for T3/cmr/m/n on input line 38.
LaTeX Font Info:    Try loading font information for T3+cmr on input line 38.

(/usr/share/texmf-dist/tex/latex/tipa/t3cmr.fd
File: t3cmr.fd 2001/12/31 TIPA font definitions
)
LaTeX Font Info:    ... okay on input line 38.
LaTeX Font Info:    Checking defaults for TS1/cmr/m/n on input line 38.
LaTeX Font Info:    Try loading font information for TS1+cmr on input line 38.

(/usr/share/texmf-dist/tex/latex/base/ts1cmr.fd
File: ts1cmr.fd 2014/09/29 v2.5h Standard LaTeX font definitions
)
LaTeX Font Info:    ... okay on input line 38.
Unknown feature `protrusion=default' in font `Linux Libertine O'.
Unknown feature `expansion=default' in font `Linux Libertine O'.
LaTeX Info: Redefining \dots on input line 38.
LaTeX Info: Redefining \up on input line 38.
LaTeX Info: Redefining \microtypecontext on input line 38.
Package microtype Info: Character protrusion enabled (level 2).
Package microtype Info: Using default protrusion set `alltext'.
Package microtype Info: No adjustment of tracking.
Package microtype Info: No adjustment of spacing.
Package microtype Info: No adjustment of kerning.
Package microtype Info: Loading generic protrusion settings for font family
(microtype)             `LinuxLibertineO' (encoding: TU).
(microtype)             For optimal results, create family-specific settings.
(microtype)             See the microtype manual for details.
.................................................
. fontspec info: "setup-math"
. 
. Adjusting the maths setup (use [no-math] to avoid this).
.................................................
\symlegacymaths=\mathgroup7
LaTeX Font Info:    Overwriting symbol font `legacymaths' in version `bold'
(Font)                  OT1/cmr/m/n --> OT1/cmr/bx/n on input line 38.
LaTeX Font Info:    Redeclaring math accent \acute on input line 38.
LaTeX Font Info:    Redeclaring math accent \grave on input line 38.
LaTeX Font Info:    Redeclaring math accent \ddot on input line 38.
LaTeX Font Info:    Redeclaring math accent \tilde on input line 38.
LaTeX Font Info:    Redeclaring math accent \bar on input line 38.
LaTeX Font Info:    Redeclaring math accent \breve on input line 38.
LaTeX Font Info:    Redeclaring math accent \check on input line 38.
LaTeX Font Info:    Redeclaring math accent \hat on input line 38.
LaTeX Font Info:    Redeclaring math accent \dot on input line 38.
LaTeX Font Info:    Redeclaring math accent \mathring on input line 38.
LaTeX Font Info:    Redeclaring math symbol \colon on input line 38.
LaTeX Font Info:    Redeclaring math symbol \Gamma on input line 38.
LaTeX Font Info:    Redeclaring math symbol \Delta on input line 38.
LaTeX Font Info:    Redeclaring math symbol \Theta on input line 38.
LaTeX Font Info:    Redeclaring math symbol \Lambda on input line 38.
LaTeX Font Info:    Redeclaring math symbol \Xi on input line 38.
LaTeX Font Info:    Redeclaring math symbol \Pi on input line 38.
LaTeX Font Info:    Redeclaring math symbol \Sigma on input line 38.
LaTeX Font Info:    Redeclaring math symbol \Upsilon on input line 38.
LaTeX Font Info:    Redeclaring math symbol \Phi on input line 38.
LaTeX Font Info:    Redeclaring math symbol \Psi on input line 38.
LaTeX Font Info:    Redeclaring math symbol \Omega on input line 38.
LaTeX Font Info:    Redeclaring math symbol \mathdollar on input line 38.
LaTeX Font Info:    Redeclaring symbol font `operators' on input line 38.
LaTeX Font Info:    Encoding `OT1' has changed to `TU' for symbol font
(Font)              `operators' in the math version `normal' on input line 38.
LaTeX Font Info:    Overwriting symbol font `operators' in version `normal'
(Font)                  OT1/cmr/m/n --> TU/LinuxLibertineO(0)/m/n on input line
 38.
LaTeX Font Info:    Encoding `OT1' has changed to `TU' for symbol font
(Font)              `operators' in the math version `bold' on input line 38.
LaTeX Font Info:    Overwriting symbol font `operators' in version `bold'
(Font)                  OT1/cmr/bx/n --> TU/LinuxLibertineO(0)/m/n on input lin
e 38.
LaTeX Font Info:    Overwriting symbol font `operators' in version `normal'
(Font)                  TU/LinuxLibertineO(0)/m/n --> TU/LinuxLibertineO(0)/m/n
 on input line 38.
LaTeX Font Info:    Overwriting math alphabet `\mathit' in version `normal'
(Font)                  OT1/cmr/m/it --> TU/LinuxLibertineO(0)/m/it on input li
ne 38.
LaTeX Font Info:    Overwriting math alphabet `\mathbf' in version `normal'
(Font)                  OT1/cmr/bx/n --> TU/LinuxLibertineO(0)/bx/n on input li
ne 38.
LaTeX Font Info:    Overwriting math alphabet `\mathsf' in version `normal'
(Font)                  OT1/cmss/m/n --> TU/lmss/m/n on input line 38.
LaTeX Font Info:    Overwriting math alphabet `\mathtt' in version `normal'
(Font)                  OT1/cmtt/m/n --> TU/lmtt/m/n on input line 38.
LaTeX Font Info:    Overwriting symbol font `operators' in version `bold'
(Font)                  TU/LinuxLibertineO(0)/m/n --> TU/LinuxLibertineO(0)/bx/
n on input line 38.
LaTeX Font Info:    Overwriting math alphabet `\mathit' in version `bold'
(Font)                  OT1/cmr/bx/it --> TU/LinuxLibertineO(0)/bx/it on input 
line 38.
LaTeX Font Info:    Overwriting math alphabet `\mathsf' in version `bold'
(Font)                  OT1/cmss/bx/n --> TU/lmss/bx/n on input line 38.
LaTeX Font Info:    Overwriting math alphabet `\mathtt' in version `bold'
(Font)                  OT1/cmtt/m/n --> TU/lmtt/bx/n on input line 38.
Package lastpage Info: Please have a look at the pageslts package at
(lastpage)             https://www.ctan.org/pkg/pageslts
(lastpage)             ! on input line 38.
Package caption Info: Begin \AtBeginDocument code.
Package caption Info: supertabular package is loaded.
Package caption Info: End \AtBeginDocument code.
Unknown feature `protrusion=default' in font `Linux Libertine O'.
Unknown feature `expansion=default' in font `Linux Libertine O'.
Unknown feature `protrusion=default' in font `Linux Libertine O'.
Unknown feature `expansion=default' in font `Linux Libertine O'.
Unknown feature `protrusion=default' in font `Linux Libertine O'.
Unknown feature `expansion=default' in font `Linux Libertine O'.
Unknown feature `protrusion=default' in font `Linux Libertine O Italic'.
Unknown feature `expansion=default' in font `Linux Libertine O Italic'.
Package microtype Info: Loading generic protrusion settings for font family
(microtype)             `lmtt' (encoding: TU).
(microtype)             For optimal results, create family-specific settings.
(microtype)             See the microtype manual for details.
 [1

]
Unknown feature `protrusion=default' in font `Linux Libertine O'.
Unknown feature `expansion=default' in font `Linux Libertine O'.
Unknown feature `protrusion=default' in font `Linux Libertine O Semibold'.
Unknown feature `expansion=default' in font `Linux Libertine O Semibold'.
Unknown feature `protrusion=default' in font `Linux Libertine O'.
Unknown feature `expansion=default' in font `Linux Libertine O'.
Unknown feature `protrusion=default' in font `Linux Libertine O'.
Unknown feature `expansion=default' in font `Linux Libertine O'.
LaTeX Font Info:    External font `cmex10' loaded for size
(Font)              <8> on input line 38.
LaTeX Font Info:    External font `cmex10' loaded for size
(Font)              <6> on input line 38.
LaTeX Font Info:    External font `cmex10' loaded for size
(Font)              <5> on input line 38.

(/usr/share/texmf-dist/tex/latex/microtype/mt-cmr.cfg
File: mt-cmr.cfg 2013/05/19 v2.2 microtype config. file: Computer Modern Roman 
(RS)
)
(/home/editorial/texmf/tex/frontconselho.tex)
Unknown feature `protrusion=default' in font `Linux Libertine O Italic'.
Unknown feature `expansion=default' in font `Linux Libertine O Italic'.
Unknown feature `protrusion=default' in font `Linux Libertine O'.
Unknown feature `expansion=default' in font `Linux Libertine O'.
 [2

]
Unknown feature `protrusion=default' in font `Linux Libertine O'.
Unknown feature `expansion=default' in font `Linux Libertine O'.
LaTeX Font Info:    Try loading font information for OT1+ptm on input line 38.

(/usr/share/texmf-dist/tex/latex/psnfss/ot1ptm.fd
File: ot1ptm.fd 2001/06/04 font definitions for OT1/ptm.
)
(/usr/share/texmf-dist/tex/latex/microtype/mt-ptm.cfg
File: mt-ptm.cfg 2006/04/20 v1.7 microtype config. file: Times (RS)
) [3] (./PRETAS.tex
Unknown feature `protrusion=default' in font `Linux Libertine O Semibold'.
Unknown feature `expansion=default' in font `Linux Libertine O Semibold'.
Unknown feature `protrusion=default' in font `Linux Libertine O'.
Unknown feature `expansion=default' in font `Linux Libertine O'.
)
[4

] (./LIVRO.toc
Unknown feature `protrusion=default' in font `Linux Libertine O'.
Unknown feature `expansion=default' in font `Linux Libertine O'.
Unknown feature `protrusion=default' in font `Linux Libertine O'.
Unknown feature `expansion=default' in font `Linux Libertine O'.
Unknown feature `protrusion=default' in font `Linux Libertine O'.
Unknown feature `expansion=default' in font `Linux Libertine O'.

Overfull \hbox (11.80798pt too wide) in paragraph at lines 4--4
[]|\TU/LinuxLibertineO(0)/m/sc/14.4 movimentos pela terra, andanas entre mundo
s| 
 []

Unknown feature `protrusion=default' in font `Linux Libertine O Italic'.
Unknown feature `expansion=default' in font `Linux Libertine O Italic'.
Unknown feature `protrusion=default' in font `Linux Libertine O Italic'.
Unknown feature `expansion=default' in font `Linux Libertine O Italic'.

Underfull \hbox (badness 1259) in paragraph at lines 6--6
[]|\TU/LinuxLibertineO(0)/m/n/10.95 Carta veiculada pela Comisso Yvyrupa por o
casio da tinta 
 []


Underfull \hbox (badness 1107) in paragraph at lines 30--30
[]|\TU/LinuxLibertineO(0)/m/n/10.95 O que nos levanta sobre a terra: alegria e 
saudade fazendo 
 []

[5]
Unknown feature `protrusion=default' in font `Linux Libertine O'.
Unknown feature `expansion=default' in font `Linux Libertine O'.

Overfull \hbox (7.62288pt too wide) in paragraph at lines 69--69
[]|\TU/LinuxLibertineO(0)/m/n/10.95 Mobilidade, modalidades de assentamentos e 
formas organizacionais 
 []

) [6]
\openout2 = `INPUTS.aux'.

 (./INPUTS.tex (./EPIGRAFE.tex
Unknown feature `protrusion=default' in font `Linux Libertine O Italic'.
Unknown feature `expansion=default' in font `Linux Libertine O Italic'.
Unknown feature `protrusion=default' in font `Linux Libertine O'.
Unknown feature `expansion=default' in font `Linux Libertine O'.
LaTeX Font Info:    External font `cmex10' loaded for size
(Font)              <7> on input line 5.
) (./GUARANIS.tex [7



] [8

]
Unknown feature `protrusion=default' in font `Linux Libertine O Italic'.
Unknown feature `expansion=default' in font `Linux Libertine O Italic'.
 [9]
LaTeX Font Info:    External font `cmex10' loaded for size
(Font)              <12> on input line 76.
 [10]
Overfull \vbox (5.156pt too high) has occurred while \output is active []

 [11]
[12] [13] [14] [15] [16] [17] [18] [19] [20] [21] [22

] [23] [24]
File: ./img/GUARANIS-img1.jpg Graphic file (type bmp)
<./img/GUARANIS-img1.jpg>
Unknown feature `protrusion=default' in font `Linux Libertine O'.
Unknown feature `expansion=default' in font `Linux Libertine O'.
Unknown feature `protrusion=default' in font `Linux Libertine O Italic'.
Unknown feature `expansion=default' in font `Linux Libertine O Italic'.
Unknown feature `protrusion=default' in font `Linux Libertine O Semibold Italic
'.
Unknown feature `expansion=default' in font `Linux Libertine O Semibold Italic'
.
Unknown feature `protrusion=default' in font `Linux Libertine O Italic'.
Unknown feature `expansion=default' in font `Linux Libertine O Italic'.
 [25] [26

]
Unknown feature `protrusion=default' in font `Linux Libertine O Italic'.
Unknown feature `expansion=default' in font `Linux Libertine O Italic'.

[27] [28] [29]
Underfull \hbox (badness 1024) in paragraph at lines 577--587
[]\TU/LinuxLibertineO(0)/m/n/12 Ns estamos nos organizando tambm, procurando 
buscar
 []

[30] [31] [32]
File: ./img/GUARANIS-img2.jpg Graphic file (type bmp)
<./img/GUARANIS-img2.jpg>
 [33

] [34] [35] [36

] [37] [38] [39] [40] [41] [42] [43] [44]
Underfull \hbox (badness 1997) in paragraph at lines 1026--1030
[]\TU/LinuxLibertineO(0)/m/n/12 Na luta poltica frente ao Estado Nacional, as 
lideranas
 []

[45] [46] [47] [48] [49

]
Overfull \vbox (9.54214pt too high) has occurred while \output is active []


[50] [51]
Overfull \vbox (19.60797pt too high) has occurred while \output is active []


[52] [53]
Overfull \vbox (9.656pt too high) has occurred while \output is active []

 [54]
Overfull \vbox (16.15607pt too high) has occurred while \output is active []


[55]
Overfull \vbox (14.656pt too high) has occurred while \output is active []


[56]
Overfull \vbox (7.24797pt too high) has occurred while \output is active []


[57]
Overfull \vbox (5.10797pt too high) has occurred while \output is active []


[58]
Underfull \hbox (badness 10000) in paragraph at lines 1497--1497
[]\TU/LinuxLibertineO(0)/m/n/10 16. []Para o vdeo Mbaraka: a palavra que age
  les-
 []


Underfull \hbox (badness 2538) in paragraph at lines 1497--1497
\TU/LinuxLibertineO(0)/m/n/10 shttps://vimeo.com/34768557greater. O texto final
 da traduo deve-se es-
 []


Overfull \vbox (16.59018pt too high) has occurred while \output is active []


[59] [60] [61] [62]
Overfull \vbox (19.656pt too high) has occurred while \output is active []


[63] [64] [65] [66] [67]
Underfull \hbox (badness 1681) in paragraph at lines 1822--1826
\TU/LinuxLibertineO(0)/m/n/12 mopoltico: da necessidade extensiva  suficinci
a intensiva.
 []

[68] [69

] [70]
Underfull \hbox (badness 10000) in paragraph at lines 1931--1931
[]\TU/LinuxLibertineO(0)/m/n/10 2. []http://www.ihu.unisinos.br/noticias/514921
-situacao-de-indios-guarani-
 []


Underfull \hbox (badness 2837) in paragraph at lines 1927--1934
\TU/LinuxLibertineO(0)/m/n/12 expulso de indgenas guarani e kaiowa de seus te
rritrios,
 []


Overfull \vbox (10.15598pt too high) has occurred while \output is active []


[71]
Unknown feature `protrusion=default' in font `Linux Libertine O Italic'.
Unknown feature `expansion=default' in font `Linux Libertine O Italic'.
 [72] [73] [74] [75] [76

] [77] [78]
File: ./img/GUARANIS-img3.jpg Graphic file (type bmp)
<./img/GUARANIS-img3.jpg>
 [79] [80

] [81] [82] [83] [84]
Overfull \vbox (12.65598pt too high) has occurred while \output is active []


[85] [86]
Overfull \vbox (8.57585pt too high) has occurred while \output is active []


[87

] [88] [89] [90] [91] [92] [93] [94] [95] [96

]
Overfull \vbox (10.57588pt too high) has occurred while \output is active []


[97] [98] [99] [100] [101] [102] [103] [104]
Overfull \vbox (12.09015pt too high) has occurred while \output is active []


[105] [106] [107] [108] [109] [110] [111] [112] [113] [114

]
Overfull \vbox (12.57591pt too high) has occurred while \output is active []


[115]
Overfull \vbox (4.15604pt too high) has occurred while \output is active []


[116] [117]
Underfull \hbox (badness 1466) in paragraph at lines 3262--3270
\TU/LinuxLibertineO(0)/m/n/12 mais adiante, afirmam que os jovens, assim como o
s recm-
 []

[118]
Underfull \hbox (badness 1137) in paragraph at lines 3305--3309
\TU/LinuxLibertineO(0)/m/n/10 Antigamente, para as mulheres jo-
 []


Underfull \hbox (badness 4660) in paragraph at lines 3305--3309
\TU/LinuxLibertineO(0)/m/n/10 vens no sofrerem transformao,
 []


Underfull \hbox (badness 1043) in paragraph at lines 3305--3309
\TU/LinuxLibertineO(0)/m/n/10 logo que se tornassem adultas (lit.
 []


Underfull \hbox (badness 2884) in paragraph at lines 3313--3316
\TU/LinuxLibertineO(0)/m/n/10 Kaaru ovy ramo omboguapy ma,
 []


Underfull \hbox (badness 1902) in paragraph at lines 3339--3348
\TU/LinuxLibertineO(0)/m/n/10 falavam logo, eles contavam logo:
 []

[119] [120]
Underfull \hbox (badness 7814) in paragraph at lines 3443--3447
\TU/LinuxLibertineO(0)/m/n/10 Rejejogua vaii r, rejepota r
 []


Underfull \hbox (badness 10000) in paragraph at lines 3474--3480
\TU/LinuxLibertineO(0)/m/n/10 Hae gui jevy anhete opambae-
 []


Underfull \hbox (badness 1043) in paragraph at lines 3474--3480
\TU/LinuxLibertineO(0)/m/n/10 vaekue. \TU/LinuxLibertineO(0)/m/it/10 Any ke 
tape re rekaru\TU/LinuxLibertineO(0)/m/n/10 
 []


Underfull \hbox (badness 10000) in paragraph at lines 3504--3511

 []

[121] [122] [123]
Overfull \vbox (16.54214pt too high) has occurred while \output is active []


[124]
Underfull \hbox (badness 1502) in paragraph at lines 3663--3667
[]\TU/LinuxLibertineO(0)/m/n/10 Hae rami vy ae tu ombaexo
 []


Underfull \hbox (badness 2547) in paragraph at lines 3663--3667
\TU/LinuxLibertineO(0)/m/it/10 kaaguy rovapy re, kii ema eme
 []

[125]
Underfull \hbox (badness 2351) in paragraph at lines 3704--3709
\TU/LinuxLibertineO(0)/m/n/10 ndoikoi, ndojepotai. Oiko pori.
 []


Underfull \hbox (badness 1831) in paragraph at lines 3726--3732
\TU/LinuxLibertineO(0)/m/n/10 Porque no lugar onde os homens
 []

[126] [127] [128] [129]
Overfull \vbox (18.32506pt too high) has occurred while \output is active []


[130]
Underfull \hbox (badness 1394) in paragraph at lines 3890--3893
\TU/LinuxLibertineO(0)/m/n/10 nossa menstruao aparece s um
 []


Underfull \hbox (badness 1394) in paragraph at lines 3895--3899
[]\TU/LinuxLibertineO(0)/m/n/10 Hae rami ma kyri rima oje-
 []


Underfull \hbox (badness 1043) in paragraph at lines 3895--3899
\TU/LinuxLibertineO(0)/m/n/10 kuaai kyri ete nekaxi hae vae
 []


Underfull \hbox (badness 1748) in paragraph at lines 3895--3899
\TU/LinuxLibertineO(0)/m/n/10 remombeu, ndexy oguerovya ete:
 []


Overfull \hbox (7.51784pt too wide) in paragraph at lines 3923--3926
\TU/LinuxLibertineO(0)/m/n/10 rami vy rima yma ikuai vae, ndaijayvu
 []


Underfull \hbox (badness 1019) in paragraph at lines 3947--3948
[]\TU/LinuxLibertineO(0)/m/n/10 Depois, ensinariam: \TU/LinuxLibertineO(0)/m/i
t/10 No fale
 []

[131] [132] [133]
Underfull \hbox (badness 1552) in paragraph at lines 4025--4030
\TU/LinuxLibertineO(0)/m/n/10 endui, nem televiso naendui, nei
 []


Underfull \hbox (badness 10000) in paragraph at lines 4025--4030
\TU/LinuxLibertineO(0)/m/n/10 re. Xemombaexo avi vaekue.
 []


Underfull \hbox (badness 1308) in paragraph at lines 4025--4030
\TU/LinuxLibertineO(0)/m/it/10 memby reta ramo remongaru kuaa
 []


Underfull \hbox (badness 10000) in paragraph at lines 4032--4037
[]\TU/LinuxLibertineO(0)/m/n/10 Quando tive minha primeira
 []


Underfull \hbox (badness 1661) in paragraph at lines 4032--4037
\TU/LinuxLibertineO(0)/m/n/10 cozinhvamos a fruta da palmeira
 []


Underfull \hbox (badness 4913) in paragraph at lines 4039--4042
[]\TU/LinuxLibertineO(0)/m/n/10 Pete o avei, iporayvu agu
 []


Underfull \hbox (badness 4120) in paragraph at lines 4058--4065
\TU/LinuxLibertineO(0)/m/n/10 nunga ae avi oexy ukai vy ma
 []


Underfull \hbox (badness 6268) in paragraph at lines 4058--4065
\TU/LinuxLibertineO(0)/m/n/10 gui ma oenoimba kyriguei, yxy
 []


Underfull \hbox (badness 2735) in paragraph at lines 4058--4065
\TU/LinuxLibertineO(0)/m/n/10 avei, fila ojapo kyriguei, pee py
 []


Underfull \hbox (badness 2065) in paragraph at lines 4058--4065
\TU/LinuxLibertineO(0)/m/n/10 Imbae ome agu ma je omboe.
 []


Underfull \hbox (badness 5091) in paragraph at lines 4058--4065
\TU/LinuxLibertineO(0)/m/n/10 Ombojaopai kovae nunga ri tu
 []


Underfull \hbox (badness 7047) in paragraph at lines 4067--4074
[]\TU/LinuxLibertineO(0)/m/n/10 Enquanto est em resguardo,
 []

[134]
Underfull \hbox (badness 2142) in paragraph at lines 4076--4080
\TU/LinuxLibertineO(0)/m/it/10 reui. Hae rami renhemboe rire
 []


Underfull \hbox (badness 10000) in paragraph at lines 4082--4087
[]\TU/LinuxLibertineO(0)/m/n/10 Foi assim que me criaram.
 []

[135]
Overfull \vbox (10.32509pt too high) has occurred while \output is active []


[136] [137] [138] [139] [140

] [141] [142]
File: ./img/GUARANIS-img4.jpg Graphic file (type bmp)
<./img/GUARANIS-img4.jpg>
 [143] [144

]
Overfull \vbox (15.07591pt too high) has occurred while \output is active []


[145] [146]
Overfull \vbox (11.656pt too high) has occurred while \output is active []


[147] [148] [149] [150]
Overfull \vbox (19.65598pt too high) has occurred while \output is active []


[151] [152] [153] [154] [155] [156] [157] [158] [159] [160]
Overfull \vbox (12.47597pt too high) has occurred while \output is active []


[161] [162] [163] [164

]
Overfull \vbox (18.43375pt too high) has occurred while \output is active []


[165] [166] [167] [168] [169] [170] [171] [172] [173] [174] [175] [176]
[177] [178] [179] [180] [181

] [182

] [183] [184]
Overfull \vbox (7.156pt too high) has occurred while \output is active []

 [185]
Overfull \vbox (19.60797pt too high) has occurred while \output is active []


[186]
Overfull \vbox (13.68295pt too high) has occurred while \output is active []


[187]
Overfull \vbox (16.748pt too high) has occurred while \output is active []


[188] [189] [190] [191] [192] [193]
Overfull \vbox (12.10797pt too high) has occurred while \output is active []


[194] [195]
Overfull \vbox (5.07915pt too high) has occurred while \output is active []


[196] [197] [198]
Overfull \vbox (5.07588pt too high) has occurred while \output is active []


[199

]
Overfull \vbox (5.10797pt too high) has occurred while \output is active []


[200]
Overfull \vbox (17.10797pt too high) has occurred while \output is active []


[201] [202] [203] [204] [205] [206]
Overfull \vbox (18.73096pt too high) has occurred while \output is active []


[207]
Overfull \vbox (12.60797pt too high) has occurred while \output is active []


[208]
Overfull \vbox (10.15598pt too high) has occurred while \output is active []


[209]
Overfull \vbox (7.19997pt too high) has occurred while \output is active []


[210] [211]
Overfull \vbox (10.15598pt too high) has occurred while \output is active []


[212] [213]
Overfull \vbox (9.60803pt too high) has occurred while \output is active []


[214] [215] [216] [217] [218]
Overfull \hbox (7.80936pt too wide) in paragraph at lines 6818--6819
[]\TU/LinuxLibertineO(0)/m/sc/12 vilaa\TU/LinuxLibertineO(0)/m/n/12 , Aparecid
a. Converso, predao e perspectiva. \TU/LinuxLibertineO(0)/m/it/12 Mana \TU
/LinuxLibertineO(0)/m/n/12 14(1),
 []

[219] [220]
Overfull \vbox (19.12389pt too high) has occurred while \output is active []


[221

] [222]
Underfull \hbox (badness 1259) in paragraph at lines 6918--6931
\TU/LinuxLibertineO(0)/m/n/12 guarani ao princpio de identidade, e que vemos d
esembocar
 []

[223]
Overfull \vbox (19.65598pt too high) has occurred while \output is active []


[224] [225]
Overfull \vbox (12.10797pt too high) has occurred while \output is active []


[226] [227] [228]
Overfull \vbox (17.108pt too high) has occurred while \output is active []


[229] [230]
Overfull \vbox (17.108pt too high) has occurred while \output is active []


[231] [232] [233] [234] [235] [236] [237] [238] [239

] [240]
File: ./img/GUARANIS-img5.jpg Graphic file (type bmp)
<./img/GUARANIS-img5.jpg>
 [241] [242

]
Overfull \vbox (19.57585pt too high) has occurred while \output is active []


[243] [244] [245] [246] [247] [248

]
Overfull \vbox (5.07585pt too high) has occurred while \output is active []


[249] [250] [251] [252

] [253] [254] [255] [256

] [257] [258] [259] [260

]
[261]
Overfull \vbox (19.656pt too high) has occurred while \output is active []


[262]
Underfull \hbox (badness 10000) in paragraph at lines 7995--7995
[]\TU/LinuxLibertineO(0)/m/n/10 7. []\TU/LinuxLibertineO(0)/m/it/10 Silent geno
cide\TU/LinuxLibertineO(0)/m/n/10 , Mori Television (2013, parte
 []


Underfull \hbox (badness 10000) in paragraph at lines 7995--7995
\TU/LinuxLibertineO(0)/m/sc/10 i \TU/LinuxLibertineO(0)/m/n/10 e parte \TU/Linu
xLibertineO(0)/m/sc/10 ii\TU/LinuxLibertineO(0)/m/n/10 , 1210 e 1358). Disp
onvel em
 []


Underfull \hbox (badness 10000) in paragraph at lines 7995--7995
\TU/LinuxLibertineO(0)/m/n/10 http://www.maoritelevision.com/news/national/nati
ve-affairs-brazil-silent-
 []


Underfull \hbox (badness 10000) in paragraph at lines 7995--7995
\TU/LinuxLibertineO(0)/m/n/10 genocide-part-1 e lesshttp://www.maoritelevision.
com/news/national/native-
 []


Underfull \hbox (badness 10000) in paragraph at lines 8008--8008
[]\TU/LinuxLibertineO(0)/m/n/10 9. [] sombra de um delrio verde (2011, 29). 
Disponvel em
 []


Overfull \vbox (4.65604pt too high) has occurred while \output is active []


[263] [264]
Overfull \vbox (19.656pt too high) has occurred while \output is active []


[265] [266] [267]
Overfull \vbox (13.73096pt too high) has occurred while \output is active []


[268]
Overfull \hbox (4.456pt too wide) in paragraph at lines 8204--8210
[]\TU/LinuxLibertineO(0)/m/n/12 Os membros do coletivo que compem a Ascuri aut
odenominam-
 []


Overfull \vbox (7.10797pt too high) has occurred while \output is active []


[269] [270]
Overfull \vbox (0.18309pt too high) has occurred while \output is active []


[271] [272] [273] [274]
Overfull \vbox (15.12389pt too high) has occurred while \output is active []


[275

]
Overfull \vbox (12.60797pt too high) has occurred while \output is active []


[276] [277]
Overfull \vbox (14.2829pt too high) has occurred while \output is active []


[278]
Overfull \vbox (5.10797pt too high) has occurred while \output is active []


[279] [280]
Overfull \vbox (10.70406pt too high) has occurred while \output is active []


[281]
Overfull \vbox (12.108pt too high) has occurred while \output is active []


[282] [283]
Overfull \vbox (5.68298pt too high) has occurred while \output is active []


[284]
Overfull \vbox (17.10797pt too high) has occurred while \output is active []


[285] [286] [287]
Overfull \vbox (18.73096pt too high) has occurred while \output is active []


[288] [289] [290

] [291] [292]
File: ./img/GUARANIS-img6.jpg Graphic file (type bmp)
<./img/GUARANIS-img6.jpg>


LaTeX Warning: Float too large for page by 21.1257pt on input line 8983.

[293] [294

]
Unknown feature `protrusion=default' in font `Linux Libertine O'.
Unknown feature `expansion=default' in font `Linux Libertine O'.

Overfull \vbox (19.91188pt too high) has occurred while \output is active []


[295] [296]
Overfull \vbox (14.60797pt too high) has occurred while \output is active []


[297] [298] [299] [300] [301] [302] [303]
Overfull \vbox (12.15598pt too high) has occurred while \output is active []


[304] [305] [306] [307] [308] [309] [310] [311] [312]
Underfull \hbox (badness 1629) in paragraph at lines 9637--9657
[]\TU/LinuxLibertineO(0)/m/n/12 A abordagem comparativa dessas modalidades de a
ssenta-
 []

[313] [314] [315] [316

]
File: ./img/GUARANIS-img7.jpg Graphic file (type bmp)
<./img/GUARANIS-img7.jpg>

Overfull \vbox (16.69887pt too high) has occurred while \output is active []


[317] [318] [319] [320] [321] [322] [323]
Underfull \hbox (badness 10000) in paragraph at lines 9979--9979
[]\TU/LinuxLibertineO(0)/m/n/10 4. []Disponvel em: lesshttp://portalsaude.saud
e.gov.br/index.php/o-
 []


Overfull \vbox (11.18298pt too high) has occurred while \output is active []


[324] [325] [326]
File: ./img/GUARANIS-img8.jpg Graphic file (type bmp)
<./img/GUARANIS-img8.jpg>
 [327] [328] [329] [330] [331] [332]
Underfull \hbox (badness 2213) in paragraph at lines 10317--10317
[]\TU/LinuxLibertineO(0)/m/n/10 4. []Segundo o site da Comisso Pr-ndio de S
o Paulo, as \TU/LinuxLibertineO(0)/m/sc/10 ti \TU/LinuxLibertineO(0)/m/n/10 hab
ita-
 []


Underfull \hbox (badness 2384) in paragraph at lines 10317--10317
\TU/LinuxLibertineO(0)/m/n/10 h co-residncia entre os Tupi Guarani, Guarani M
bya e Terena. Fonte:
 []


Overfull \vbox (8.66797pt too high) has occurred while \output is active []


[333

] [334] [335] [336]
Overfull \vbox (17.82506pt too high) has occurred while \output is active []


[337] [338]
Overfull \vbox (9.3309pt too high) has occurred while \output is active []


[339]
Underfull \hbox (badness 3354) in paragraph at lines 10542--10554
[]\TU/LinuxLibertineO(0)/m/n/12 Em Piaaguera, \TU/LinuxLibertineO(0)/m/sc/12 t
i \TU/LinuxLibertineO(0)/m/n/12 homologada no ano de 2011 (\TU/LinuxLibertineO(
0)/m/sc/12 funai\TU/LinuxLibertineO(0)/m/n/12 :
 []


Overfull \vbox (10.82506pt too high) has occurred while \output is active []


[340] [341] [342]
Overfull \vbox (9.33093pt too high) has occurred while \output is active []


[343]
Overfull \vbox (14.9531pt too high) has occurred while \output is active []


[344]
Overfull \vbox (12.156pt too high) has occurred while \output is active []


[345]
Overfull \vbox (1.95601pt too high) has occurred while \output is active []


[346] [347] [348] [349] [350]
Overfull \vbox (5.15096pt too high) has occurred while \output is active []


[351

]
Overfull \vbox (17.15598pt too high) has occurred while \output is active []


[352]
Overfull \vbox (13.73096pt too high) has occurred while \output is active []


[353]
Overfull \vbox (19.156pt too high) has occurred while \output is active []


[354] [355]
Overfull \vbox (19.65598pt too high) has occurred while \output is active []


[356]
File: ./img/GUARANIS-img10.png Graphic file (type bmp)
<./img/GUARANIS-img10.png>

Overfull \vbox (5.48323pt too high) has occurred while \output is active []


[357]
File: ./img/GUARANIS-img11.jpg Graphic file (type bmp)
<./img/GUARANIS-img11.jpg>

Overfull \vbox (10.15598pt too high) has occurred while \output is active []


[358] [359]
File: ./img/GUARANIS-img12.png Graphic file (type bmp)
<./img/GUARANIS-img12.png>
 [360] [361] [362]
Overfull \vbox (14.65598pt too high) has occurred while \output is active []


[363] [364]
Overfull \vbox (6.95601pt too high) has occurred while \output is active []


[365] [366] [367] [368] [369] [370] [371] [372] [373

]
Overfull \vbox (7.47098pt too high) has occurred while \output is active []


[374] [375] [376] [377] [378] [379] [380] [381] [382] [383

])) [384]

AED: lastpage setting LastPage
\openout2 = `PUBLICIDADE.aux'.

(/home/editorial/texmf/tex/PUBLICIDADE.tex [385



]
Underfull \hbox (badness 10000) in paragraph at lines 6--8

 []

Unknown feature `protrusion=default' in font `Linux Libertine O Italic'.
Unknown feature `expansion=default' in font `Linux Libertine O Italic'.
[386]
Unknown feature `protrusion=default' in font `Linux Libertine O'.
Unknown feature `expansion=default' in font `Linux Libertine O'.
Unknown feature `protrusion=default' in font `Linux Libertine O Italic'.
Unknown feature `expansion=default' in font `Linux Libertine O Italic'.
 [387] [388] [389])
LaTeX Font Info:    External font `cmex10' loaded for size
(Font)              <10.95> on input line 42.
 [390


]
\tf@toc=\write5
\openout5 = `LIVRO.toc'.

 (./LIVRO.aux (./INPUTS.aux) (./PUBLICIDADE.aux))

LaTeX Font Warning: Some font shapes were not available, defaults substituted.

 )
(\end occurred when \ifeof on line 38 was incomplete) 
Here is how much of TeX's memory you used:
 26402 strings out of 493010
 490473 string characters out of 6140134
 721028 words of memory out of 5000000
 29887 multiletter control sequences out of 15000+600000
 544162 words of font info for 114 fonts, out of 8000000 for 9000
 1372 hyphenation exceptions out of 8191
 55i,12n,87p,10416b,673s stack positions out of 5000i,500n,10000p,200000b,80000s

Output written on LIVRO.xdv (390 pages, 7333384 bytes).
