\BOOKMARK [0][-]{chapter*.2}{Apresentação}{}% 1
\BOOKMARK [-1][-]{section*.5}{Movimentos pela terra, andanças entre mundos}{}% 2
\BOOKMARK [0][-]{chapter*.7}{Aguyjevete\040pra\040quem\040luta!}{section*.5}% 3
\BOOKMARK [0][-]{chapter*.8}{Carta veiculada pela Comissão Yvyrupa por ocasião da tinta vermelha no Monumento às Bandeiras}{section*.5}% 4
\BOOKMARK [0][-]{chapter*.10}{A\040caminho\040do\040Sol}{section*.5}% 5
\BOOKMARK [0][-]{chapter*.12}{Novas\040terras\040sem\040males:\040a\040luta\040guarani-kaiowa\040pelos\040tekoha}{section*.5}% 6
\BOOKMARK [0][-]{chapter*.14}{Ore ava reko: luta dos Guarani e Kaiowa para manutenção de seu modo de ser e viver}{section*.5}% 7
\BOOKMARK [-1][-]{section*.18}{Caminhos\040e\040conhecimentos}{}% 8
\BOOKMARK [0][-]{chapter*.20}{Sonhos\040e\040conhecimentos\040na\040vida\040guarani}{section*.18}% 9
\BOOKMARK [0][-]{chapter*.22}{Os xondaro e a circulação de saberes no mundo de hoje}{section*.18}% 10
\BOOKMARK [0][-]{chapter*.25}{Processos de aprendizado pelos olhos das crianças guarani mbya}{section*.18}% 11
\BOOKMARK [0][-]{chapter*.31}{Tornar-se\040adulto\040sem\040deixar\040de\040ser\040gente:\040fazer\040\(crescer\)\040parentes}{section*.18}% 12
\BOOKMARK [-1][-]{section*.34}{Conexões, alteridades, alterações}{}% 13
\BOOKMARK [0][-]{chapter*.36}{O\040que\040nos\040levanta\040sobre\040a\040terra:\040alegria\040e\040saudade\040fazendo\040parentesco}{section*.34}% 14
\BOOKMARK [0][-]{chapter*.40}{Parentesco e emoções: algumas conexões no ``alegrar-se''}{section*.34}% 15
\BOOKMARK [0][-]{chapter*.48}{Um\040tekoa,\040uma\040cidade\040e\040a\040sidade}{section*.34}% 16
\BOOKMARK [0][-]{chapter*.52}{Mundéu do mundo: Predação e troca nas relações com os brancos}{section*.34}% 17
\BOOKMARK [0][-]{chapter*.56}{O\040desabrochar\040da\040palavra.\040Sobre\040o\040encontro\040dos\040Clastres\040com\040os\040Guarani}{section*.34}% 18
\BOOKMARK [-1][-]{section*.59}{Tecnologias, circulação e transformação}{}% 19
\BOOKMARK [0][-]{chapter*.61}{Filmar histórias e transformar olhares}{section*.59}% 20
\BOOKMARK [0][-]{chapter*.62}{Trilhando histórias em imagens}{section*.59}% 21
\BOOKMARK [0][-]{chapter*.63}{Formação e autonomia na produção de filmes}{section*.59}% 22
\BOOKMARK [0][-]{chapter*.66}{Entre\040enxadas\040e\040tratores:\040notas\040sobre\040um\040\(des\)encontro}{section*.59}% 23
\BOOKMARK [0][-]{chapter*.70}{Comunicação, convívio e permuta em Yvy vai}{section*.59}% 24
\BOOKMARK [-1][-]{section*.78}{Nas\040aldeias\040e\040entre\040aldeias}{}% 25
